Analysis & Synthesis report for PartA
Wed May 01 16:47:46 2019
Quartus II 64-Bit Version 13.0.1 Build 232 06/12/2013 Service Pack 1 SJ Web Edition


---------------------
; Table of Contents ;
---------------------
  1. Legal Notice
  2. Analysis & Synthesis Summary
  3. Analysis & Synthesis Settings
  4. Parallel Compilation
  5. Analysis & Synthesis Source Files Read
  6. Analysis & Synthesis Resource Usage Summary
  7. Analysis & Synthesis Resource Utilization by Entity
  8. Analysis & Synthesis RAM Summary
  9. Analysis & Synthesis IP Cores Summary
 10. State Machine - |PartA|lab9final:inst1|controller:inst2|state
 11. User-Specified and Inferred Latches
 12. Registers Removed During Synthesis
 13. General Register Statistics
 14. Multiplexer Restructuring Statistics (Restructuring Performed)
 15. Source assignments for TRISCRAMAsp19:inst|altsyncram:altsyncram_component|altsyncram_ipc1:auto_generated
 16. Parameter Settings for User Entity Instance: lab9final:inst1|controller:inst2
 17. Parameter Settings for User Entity Instance: TRISCRAMAsp19:inst|altsyncram:altsyncram_component
 18. altsyncram Parameter Settings by Entity Instance
 19. Elapsed Time Per Partition
 20. Analysis & Synthesis Messages
 21. Analysis & Synthesis Suppressed Messages



----------------
; Legal Notice ;
----------------
Copyright (C) 1991-2013 Altera Corporation
Your use of Altera Corporation's design tools, logic functions 
and other software and tools, and its AMPP partner logic 
functions, and any output files from any of the foregoing 
(including device programming or simulation files), and any 
associated documentation or information are expressly subject 
to the terms and conditions of the Altera Program License 
Subscription Agreement, Altera MegaCore Function License 
Agreement, or other applicable license agreement, including, 
without limitation, that your use is for the sole purpose of 
programming logic devices manufactured by Altera and sold by 
Altera or its authorized distributors.  Please refer to the 
applicable agreement for further details.



+--------------------------------------------------------------------------------------+
; Analysis & Synthesis Summary                                                         ;
+------------------------------------+-------------------------------------------------+
; Analysis & Synthesis Status        ; Successful - Wed May 01 16:47:46 2019           ;
; Quartus II 64-Bit Version          ; 13.0.1 Build 232 06/12/2013 SP 1 SJ Web Edition ;
; Revision Name                      ; PartA                                           ;
; Top-level Entity Name              ; PartA                                           ;
; Family                             ; Cyclone II                                      ;
; Total logic elements               ; 87                                              ;
;     Total combinational functions  ; 82                                              ;
;     Dedicated logic registers      ; 20                                              ;
; Total registers                    ; 20                                              ;
; Total pins                         ; 38                                              ;
; Total virtual pins                 ; 0                                               ;
; Total memory bits                  ; 128                                             ;
; Embedded Multiplier 9-bit elements ; 0                                               ;
; Total PLLs                         ; 0                                               ;
+------------------------------------+-------------------------------------------------+


+----------------------------------------------------------------------------------------------------------------------+
; Analysis & Synthesis Settings                                                                                        ;
+----------------------------------------------------------------------------+--------------------+--------------------+
; Option                                                                     ; Setting            ; Default Value      ;
+----------------------------------------------------------------------------+--------------------+--------------------+
; Device                                                                     ; EP2C20F484C7       ;                    ;
; Top-level entity name                                                      ; PartA              ; PartA              ;
; Family name                                                                ; Cyclone II         ; Cyclone IV GX      ;
; Use smart compilation                                                      ; Off                ; Off                ;
; Enable parallel Assembler and TimeQuest Timing Analyzer during compilation ; On                 ; On                 ;
; Enable compact report table                                                ; Off                ; Off                ;
; Restructure Multiplexers                                                   ; Auto               ; Auto               ;
; Create Debugging Nodes for IP Cores                                        ; Off                ; Off                ;
; Preserve fewer node names                                                  ; On                 ; On                 ;
; Disable OpenCore Plus hardware evaluation                                  ; Off                ; Off                ;
; Verilog Version                                                            ; Verilog_2001       ; Verilog_2001       ;
; VHDL Version                                                               ; VHDL_1993          ; VHDL_1993          ;
; State Machine Processing                                                   ; Auto               ; Auto               ;
; Safe State Machine                                                         ; Off                ; Off                ;
; Extract Verilog State Machines                                             ; On                 ; On                 ;
; Extract VHDL State Machines                                                ; On                 ; On                 ;
; Ignore Verilog initial constructs                                          ; Off                ; Off                ;
; Iteration limit for constant Verilog loops                                 ; 5000               ; 5000               ;
; Iteration limit for non-constant Verilog loops                             ; 250                ; 250                ;
; Add Pass-Through Logic to Inferred RAMs                                    ; On                 ; On                 ;
; Infer RAMs from Raw Logic                                                  ; On                 ; On                 ;
; Parallel Synthesis                                                         ; On                 ; On                 ;
; DSP Block Balancing                                                        ; Auto               ; Auto               ;
; NOT Gate Push-Back                                                         ; On                 ; On                 ;
; Power-Up Don't Care                                                        ; On                 ; On                 ;
; Remove Redundant Logic Cells                                               ; Off                ; Off                ;
; Remove Duplicate Registers                                                 ; On                 ; On                 ;
; Ignore CARRY Buffers                                                       ; Off                ; Off                ;
; Ignore CASCADE Buffers                                                     ; Off                ; Off                ;
; Ignore GLOBAL Buffers                                                      ; Off                ; Off                ;
; Ignore ROW GLOBAL Buffers                                                  ; Off                ; Off                ;
; Ignore LCELL Buffers                                                       ; Off                ; Off                ;
; Ignore SOFT Buffers                                                        ; On                 ; On                 ;
; Limit AHDL Integers to 32 Bits                                             ; Off                ; Off                ;
; Optimization Technique                                                     ; Balanced           ; Balanced           ;
; Carry Chain Length                                                         ; 70                 ; 70                 ;
; Auto Carry Chains                                                          ; On                 ; On                 ;
; Auto Open-Drain Pins                                                       ; On                 ; On                 ;
; Perform WYSIWYG Primitive Resynthesis                                      ; Off                ; Off                ;
; Auto ROM Replacement                                                       ; On                 ; On                 ;
; Auto RAM Replacement                                                       ; On                 ; On                 ;
; Auto Shift Register Replacement                                            ; Auto               ; Auto               ;
; Allow Shift Register Merging across Hierarchies                            ; Auto               ; Auto               ;
; Auto Clock Enable Replacement                                              ; On                 ; On                 ;
; Strict RAM Replacement                                                     ; Off                ; Off                ;
; Allow Synchronous Control Signals                                          ; On                 ; On                 ;
; Force Use of Synchronous Clear Signals                                     ; Off                ; Off                ;
; Auto RAM to Logic Cell Conversion                                          ; Off                ; Off                ;
; Auto Resource Sharing                                                      ; Off                ; Off                ;
; Allow Any RAM Size For Recognition                                         ; Off                ; Off                ;
; Allow Any ROM Size For Recognition                                         ; Off                ; Off                ;
; Allow Any Shift Register Size For Recognition                              ; Off                ; Off                ;
; Use LogicLock Constraints during Resource Balancing                        ; On                 ; On                 ;
; Ignore translate_off and synthesis_off directives                          ; Off                ; Off                ;
; Timing-Driven Synthesis                                                    ; Off                ; Off                ;
; Report Parameter Settings                                                  ; On                 ; On                 ;
; Report Source Assignments                                                  ; On                 ; On                 ;
; Report Connectivity Checks                                                 ; On                 ; On                 ;
; Ignore Maximum Fan-Out Assignments                                         ; Off                ; Off                ;
; Synchronization Register Chain Length                                      ; 2                  ; 2                  ;
; PowerPlay Power Optimization                                               ; Normal compilation ; Normal compilation ;
; HDL message level                                                          ; Level2             ; Level2             ;
; Suppress Register Optimization Related Messages                            ; Off                ; Off                ;
; Number of Removed Registers Reported in Synthesis Report                   ; 5000               ; 5000               ;
; Number of Swept Nodes Reported in Synthesis Report                         ; 5000               ; 5000               ;
; Number of Inverted Registers Reported in Synthesis Report                  ; 100                ; 100                ;
; Clock MUX Protection                                                       ; On                 ; On                 ;
; Auto Gated Clock Conversion                                                ; Off                ; Off                ;
; Block Design Naming                                                        ; Auto               ; Auto               ;
; SDC constraint protection                                                  ; Off                ; Off                ;
; Synthesis Effort                                                           ; Auto               ; Auto               ;
; Shift Register Replacement - Allow Asynchronous Clear Signal               ; On                 ; On                 ;
; Pre-Mapping Resynthesis Optimization                                       ; Off                ; Off                ;
; Analysis & Synthesis Message Level                                         ; Medium             ; Medium             ;
; Disable Register Merging Across Hierarchies                                ; Auto               ; Auto               ;
; Resource Aware Inference For Block RAM                                     ; On                 ; On                 ;
; Synthesis Seed                                                             ; 1                  ; 1                  ;
+----------------------------------------------------------------------------+--------------------+--------------------+


Parallel compilation was disabled, but you have multiple processors available. Enable parallel compilation to reduce compilation time.
+-------------------------------------+
; Parallel Compilation                ;
+----------------------------+--------+
; Processors                 ; Number ;
+----------------------------+--------+
; Number detected on machine ; 8      ;
; Maximum allowed            ; 1      ;
+----------------------------+--------+


+-----------------------------------------------------------------------------------------------------------------------------------------------------------------------------------+
; Analysis & Synthesis Source Files Read                                                                                                                                            ;
+----------------------------------+-----------------+------------------------------------------+-------------------------------------------------------------------------+---------+
; File Name with User-Entered Path ; Used in Netlist ; File Type                                ; File Name with Absolute Path                                            ; Library ;
+----------------------------------+-----------------+------------------------------------------+-------------------------------------------------------------------------+---------+
; PartA.bdf                        ; yes             ; User Block Diagram/Schematic File        ; D:/PROJECT/PartA.bdf                                                    ;         ;
; lab4.v                           ; yes             ; Auto-Found Verilog HDL File              ; D:/PROJECT/lab4.v                                                       ;         ;
; bc.bdf                           ; yes             ; Auto-Found Block Diagram/Schematic File  ; D:/PROJECT/bc.bdf                                                       ;         ;
; 74193.bdf                        ; yes             ; Megafunction                             ; c:/altera/13.0sp1/quartus/libraries/others/maxplus2/74193.bdf           ;         ;
; lab9final.bdf                    ; yes             ; Auto-Found Block Diagram/Schematic File  ; D:/PROJECT/lab9final.bdf                                                ;         ;
; controller.v                     ; yes             ; Auto-Found Verilog HDL File              ; D:/PROJECT/controller.v                                                 ;         ;
; lab9.bdf                         ; yes             ; Auto-Found Block Diagram/Schematic File  ; D:/PROJECT/lab9.bdf                                                     ;         ;
; 74154.bdf                        ; yes             ; Megafunction                             ; c:/altera/13.0sp1/quartus/libraries/others/maxplus2/74154.bdf           ;         ;
; pipo.bdf                         ; yes             ; Auto-Found Block Diagram/Schematic File  ; D:/PROJECT/pipo.bdf                                                     ;         ;
; 74175.bdf                        ; yes             ; Megafunction                             ; c:/altera/13.0sp1/quartus/libraries/others/maxplus2/74175.bdf           ;         ;
; triscramasp19.v                  ; yes             ; Auto-Found Wizard-Generated File         ; D:/PROJECT/triscramasp19.v                                              ;         ;
; altsyncram.tdf                   ; yes             ; Megafunction                             ; c:/altera/13.0sp1/quartus/libraries/megafunctions/altsyncram.tdf        ;         ;
; stratix_ram_block.inc            ; yes             ; Megafunction                             ; c:/altera/13.0sp1/quartus/libraries/megafunctions/stratix_ram_block.inc ;         ;
; lpm_mux.inc                      ; yes             ; Megafunction                             ; c:/altera/13.0sp1/quartus/libraries/megafunctions/lpm_mux.inc           ;         ;
; lpm_decode.inc                   ; yes             ; Megafunction                             ; c:/altera/13.0sp1/quartus/libraries/megafunctions/lpm_decode.inc        ;         ;
; aglobal130.inc                   ; yes             ; Megafunction                             ; c:/altera/13.0sp1/quartus/libraries/megafunctions/aglobal130.inc        ;         ;
; a_rdenreg.inc                    ; yes             ; Megafunction                             ; c:/altera/13.0sp1/quartus/libraries/megafunctions/a_rdenreg.inc         ;         ;
; altrom.inc                       ; yes             ; Megafunction                             ; c:/altera/13.0sp1/quartus/libraries/megafunctions/altrom.inc            ;         ;
; altram.inc                       ; yes             ; Megafunction                             ; c:/altera/13.0sp1/quartus/libraries/megafunctions/altram.inc            ;         ;
; altdpram.inc                     ; yes             ; Megafunction                             ; c:/altera/13.0sp1/quartus/libraries/megafunctions/altdpram.inc          ;         ;
; db/altsyncram_ipc1.tdf           ; yes             ; Auto-Generated Megafunction              ; D:/PROJECT/db/altsyncram_ipc1.tdf                                       ;         ;
; triscramasp19.mif                ; yes             ; Auto-Found Memory Initialization File    ; D:/PROJECT/triscramasp19.mif                                            ;         ;
; accumulator.bdf                  ; yes             ; Auto-Found Block Diagram/Schematic File  ; D:/PROJECT/accumulator.bdf                                              ;         ;
; 74157.bdf                        ; yes             ; Megafunction                             ; c:/altera/13.0sp1/quartus/libraries/others/maxplus2/74157.bdf           ;         ;
+----------------------------------+-----------------+------------------------------------------+-------------------------------------------------------------------------+---------+


+-------------------------------------------------------------------------+
; Analysis & Synthesis Resource Usage Summary                             ;
+---------------------------------------------+---------------------------+
; Resource                                    ; Usage                     ;
+---------------------------------------------+---------------------------+
; Estimated Total logic elements              ; 87                        ;
;                                             ;                           ;
; Total combinational functions               ; 82                        ;
; Logic element usage by number of LUT inputs ;                           ;
;     -- 4 input functions                    ; 40                        ;
;     -- 3 input functions                    ; 21                        ;
;     -- <=2 input functions                  ; 21                        ;
;                                             ;                           ;
; Logic elements by mode                      ;                           ;
;     -- normal mode                          ; 82                        ;
;     -- arithmetic mode                      ; 0                         ;
;                                             ;                           ;
; Total registers                             ; 20                        ;
;     -- Dedicated logic registers            ; 20                        ;
;     -- I/O registers                        ; 0                         ;
;                                             ;                           ;
; I/O pins                                    ; 38                        ;
; Total memory bits                           ; 128                       ;
; Embedded Multiplier 9-bit elements          ; 0                         ;
; Maximum fan-out node                        ; BC:inst14|74193:inst|26~2 ;
; Maximum fan-out                             ; 19                        ;
; Total fan-out                               ; 398                       ;
; Average fan-out                             ; 2.69                      ;
+---------------------------------------------+---------------------------+


+-----------------------------------------------------------------------------------------------------------------------------------------------------------------------------------------------------------------------------------------------------------------+
; Analysis & Synthesis Resource Utilization by Entity                                                                                                                                                                                                             ;
+-------------------------------------------+-------------------+--------------+-------------+--------------+---------+-----------+------+--------------+------------------------------------------------------------------------------------------+--------------+
; Compilation Hierarchy Node                ; LC Combinationals ; LC Registers ; Memory Bits ; DSP Elements ; DSP 9x9 ; DSP 18x18 ; Pins ; Virtual Pins ; Full Hierarchy Name                                                                      ; Library Name ;
+-------------------------------------------+-------------------+--------------+-------------+--------------+---------+-----------+------+--------------+------------------------------------------------------------------------------------------+--------------+
; |PartA                                    ; 82 (2)            ; 20 (0)       ; 128         ; 0            ; 0       ; 0         ; 38   ; 0            ; |PartA                                                                                   ; work         ;
;    |Accumulator:inst15|                   ; 7 (0)             ; 4 (0)        ; 0           ; 0            ; 0       ; 0         ; 0    ; 0            ; |PartA|Accumulator:inst15                                                                ; work         ;
;       |BC:inst|                           ; 7 (0)             ; 4 (0)        ; 0           ; 0            ; 0       ; 0         ; 0    ; 0            ; |PartA|Accumulator:inst15|BC:inst                                                        ; work         ;
;          |74193:inst|                     ; 7 (7)             ; 4 (4)        ; 0           ; 0            ; 0       ; 0         ; 0    ; 0            ; |PartA|Accumulator:inst15|BC:inst|74193:inst                                             ; work         ;
;    |BC:inst14|                            ; 27 (0)            ; 4 (0)        ; 0           ; 0            ; 0       ; 0         ; 0    ; 0            ; |PartA|BC:inst14                                                                         ; work         ;
;       |74193:inst|                        ; 27 (27)           ; 4 (4)        ; 0           ; 0            ; 0       ; 0         ; 0    ; 0            ; |PartA|BC:inst14|74193:inst                                                              ; work         ;
;    |Lab4:inst17|                          ; 7 (7)             ; 0 (0)        ; 0           ; 0            ; 0       ; 0         ; 0    ; 0            ; |PartA|Lab4:inst17                                                                       ; work         ;
;    |Lab4:inst18|                          ; 7 (7)             ; 0 (0)        ; 0           ; 0            ; 0       ; 0         ; 0    ; 0            ; |PartA|Lab4:inst18                                                                       ; work         ;
;    |Lab4:inst19|                          ; 7 (7)             ; 0 (0)        ; 0           ; 0            ; 0       ; 0         ; 0    ; 0            ; |PartA|Lab4:inst19                                                                       ; work         ;
;    |Lab4:inst20|                          ; 7 (7)             ; 0 (0)        ; 0           ; 0            ; 0       ; 0         ; 0    ; 0            ; |PartA|Lab4:inst20                                                                       ; work         ;
;    |PIPO:inst25|                          ; 0 (0)             ; 4 (0)        ; 0           ; 0            ; 0       ; 0         ; 0    ; 0            ; |PartA|PIPO:inst25                                                                       ; work         ;
;       |74175:inst|                        ; 0 (0)             ; 4 (4)        ; 0           ; 0            ; 0       ; 0         ; 0    ; 0            ; |PartA|PIPO:inst25|74175:inst                                                            ; work         ;
;    |TRISCRAMAsp19:inst|                   ; 0 (0)             ; 0 (0)        ; 128         ; 0            ; 0       ; 0         ; 0    ; 0            ; |PartA|TRISCRAMAsp19:inst                                                                ; work         ;
;       |altsyncram:altsyncram_component|   ; 0 (0)             ; 0 (0)        ; 128         ; 0            ; 0       ; 0         ; 0    ; 0            ; |PartA|TRISCRAMAsp19:inst|altsyncram:altsyncram_component                                ; work         ;
;          |altsyncram_ipc1:auto_generated| ; 0 (0)             ; 0 (0)        ; 128         ; 0            ; 0       ; 0         ; 0    ; 0            ; |PartA|TRISCRAMAsp19:inst|altsyncram:altsyncram_component|altsyncram_ipc1:auto_generated ; work         ;
;    |lab9final:inst1|                      ; 18 (0)            ; 8 (0)        ; 0           ; 0            ; 0       ; 0         ; 0    ; 0            ; |PartA|lab9final:inst1                                                                   ; work         ;
;       |controller:inst2|                  ; 17 (17)           ; 8 (8)        ; 0           ; 0            ; 0       ; 0         ; 0    ; 0            ; |PartA|lab9final:inst1|controller:inst2                                                  ; work         ;
;       |lab9:inst|                         ; 1 (0)             ; 0 (0)        ; 0           ; 0            ; 0       ; 0         ; 0    ; 0            ; |PartA|lab9final:inst1|lab9:inst                                                         ; work         ;
;          |74154:inst|                     ; 1 (1)             ; 0 (0)        ; 0           ; 0            ; 0       ; 0         ; 0    ; 0            ; |PartA|lab9final:inst1|lab9:inst|74154:inst                                              ; work         ;
+-------------------------------------------+-------------------+--------------+-------------+--------------+---------+-----------+------+--------------+------------------------------------------------------------------------------------------+--------------+
Note: For table entries with two numbers listed, the numbers in parentheses indicate the number of resources of the given type used by the specific entity alone. The numbers listed outside of parentheses indicate the total resources of the given type used by the specific entity and all of its sub-entities in the hierarchy.


+----------------------------------------------------------------------------------------------------------------------------------------------------------------------------------------------------------+
; Analysis & Synthesis RAM Summary                                                                                                                                                                         ;
+----------------------------------------------------------------------------------------------+------+-------------+--------------+--------------+--------------+--------------+------+-------------------+
; Name                                                                                         ; Type ; Mode        ; Port A Depth ; Port A Width ; Port B Depth ; Port B Width ; Size ; MIF               ;
+----------------------------------------------------------------------------------------------+------+-------------+--------------+--------------+--------------+--------------+------+-------------------+
; TRISCRAMAsp19:inst|altsyncram:altsyncram_component|altsyncram_ipc1:auto_generated|ALTSYNCRAM ; AUTO ; Single Port ; 16           ; 8            ; --           ; --           ; 128  ; TRISCRAMAsp19.mif ;
+----------------------------------------------------------------------------------------------+------+-------------+--------------+--------------+--------------+--------------+------+-------------------+


+------------------------------------------------------------------------------------------------------------------------+
; Analysis & Synthesis IP Cores Summary                                                                                  ;
+--------+--------------+---------+--------------+--------------+---------------------------+----------------------------+
; Vendor ; IP Core Name ; Version ; Release Date ; License Type ; Entity Instance           ; IP Include File            ;
+--------+--------------+---------+--------------+--------------+---------------------------+----------------------------+
; Altera ; RAM: 1-PORT  ; N/A     ; N/A          ; N/A          ; |PartA|TRISCRAMAsp19:inst ; D:/PROJECT/triscramasp19.v ;
+--------+--------------+---------+--------------+--------------+---------------------------+----------------------------+


Encoding Type:  One-Hot
+-----------------------------------------------------------------------------------------+
; State Machine - |PartA|lab9final:inst1|controller:inst2|state                           ;
+---------+---------+---------+---------+---------+---------+---------+---------+---------+
; Name    ; state.H ; state.G ; state.F ; state.E ; state.D ; state.C ; state.B ; state.A ;
+---------+---------+---------+---------+---------+---------+---------+---------+---------+
; state.A ; 0       ; 0       ; 0       ; 0       ; 0       ; 0       ; 0       ; 0       ;
; state.B ; 0       ; 0       ; 0       ; 0       ; 0       ; 0       ; 1       ; 1       ;
; state.C ; 0       ; 0       ; 0       ; 0       ; 0       ; 1       ; 0       ; 1       ;
; state.D ; 0       ; 0       ; 0       ; 0       ; 1       ; 0       ; 0       ; 1       ;
; state.E ; 0       ; 0       ; 0       ; 1       ; 0       ; 0       ; 0       ; 1       ;
; state.F ; 0       ; 0       ; 1       ; 0       ; 0       ; 0       ; 0       ; 1       ;
; state.G ; 0       ; 1       ; 0       ; 0       ; 0       ; 0       ; 0       ; 1       ;
; state.H ; 1       ; 0       ; 0       ; 0       ; 0       ; 0       ; 0       ; 1       ;
+---------+---------+---------+---------+---------+---------+---------+---------+---------+


+--------------------------------------------------------------------------------------------------------------------------+
; User-Specified and Inferred Latches                                                                                      ;
+----------------------------------------------------+--------------------------------------------+------------------------+
; Latch Name                                         ; Latch Enable Signal                        ; Free of Timing Hazards ;
+----------------------------------------------------+--------------------------------------------+------------------------+
; lab9final:inst1|controller:inst2|nextstate.H_132   ; GND                                        ; yes                    ;
; lab9final:inst1|controller:inst2|nextstate.C_191   ; lab9final:inst1|controller:inst2|Selector7 ; yes                    ;
; lab9final:inst1|controller:inst2|nextstate.D_178   ; lab9final:inst1|controller:inst2|Selector7 ; yes                    ;
; lab9final:inst1|controller:inst2|nextstate.F_152   ; GND                                        ; yes                    ;
; lab9final:inst1|controller:inst2|nextstate.G_142   ; GND                                        ; yes                    ;
; lab9final:inst1|controller:inst2|nextstate.E_165   ; lab9final:inst1|controller:inst2|Selector7 ; yes                    ;
; lab9final:inst1|controller:inst2|nextstate.B_204   ; lab9final:inst1|controller:inst2|Selector7 ; yes                    ;
; Number of user-specified and inferred latches = 7  ;                                            ;                        ;
+----------------------------------------------------+--------------------------------------------+------------------------+
Note: All latches listed above may not be present at the end of synthesis due to various synthesis optimizations.


+---------------------------------------------------------------+
; Registers Removed During Synthesis                            ;
+------------------------------------------+--------------------+
; Register name                            ; Reason for Removal ;
+------------------------------------------+--------------------+
; lab9final:inst1|controller:inst2|state~4 ; Lost fanout        ;
; lab9final:inst1|controller:inst2|state~5 ; Lost fanout        ;
; lab9final:inst1|controller:inst2|state~6 ; Lost fanout        ;
; Total Number of Removed Registers = 3    ;                    ;
+------------------------------------------+--------------------+


+------------------------------------------------------+
; General Register Statistics                          ;
+----------------------------------------------+-------+
; Statistic                                    ; Value ;
+----------------------------------------------+-------+
; Total registers                              ; 20    ;
; Number of registers using Synchronous Clear  ; 0     ;
; Number of registers using Synchronous Load   ; 0     ;
; Number of registers using Asynchronous Clear ; 16    ;
; Number of registers using Asynchronous Load  ; 0     ;
; Number of registers using Clock Enable       ; 0     ;
; Number of registers using Preset             ; 0     ;
+----------------------------------------------+-------+


+-------------------------------------------------------------------------------------------------------------------------------------------------------------------+
; Multiplexer Restructuring Statistics (Restructuring Performed)                                                                                                    ;
+--------------------+-----------+---------------+----------------------+------------------------+------------+-----------------------------------------------------+
; Multiplexer Inputs ; Bus Width ; Baseline Area ; Area if Restructured ; Saving if Restructured ; Registered ; Example Multiplexer Output                          ;
+--------------------+-----------+---------------+----------------------+------------------------+------------+-----------------------------------------------------+
; 3:1                ; 2 bits    ; 4 LEs         ; 2 LEs                ; 2 LEs                  ; No         ; |PartA|lab9final:inst1|controller:inst2|nextstate.G ;
+--------------------+-----------+---------------+----------------------+------------------------+------------+-----------------------------------------------------+


+----------------------------------------------------------------------------------------------------------+
; Source assignments for TRISCRAMAsp19:inst|altsyncram:altsyncram_component|altsyncram_ipc1:auto_generated ;
+---------------------------------+--------------------+------+--------------------------------------------+
; Assignment                      ; Value              ; From ; To                                         ;
+---------------------------------+--------------------+------+--------------------------------------------+
; OPTIMIZE_POWER_DURING_SYNTHESIS ; NORMAL_COMPILATION ; -    ; -                                          ;
+---------------------------------+--------------------+------+--------------------------------------------+


+-------------------------------------------------------------------------------+
; Parameter Settings for User Entity Instance: lab9final:inst1|controller:inst2 ;
+----------------+-------+------------------------------------------------------+
; Parameter Name ; Value ; Type                                                 ;
+----------------+-------+------------------------------------------------------+
; A              ; 000   ; Unsigned Binary                                      ;
; B              ; 001   ; Unsigned Binary                                      ;
; C              ; 010   ; Unsigned Binary                                      ;
; D              ; 011   ; Unsigned Binary                                      ;
; E              ; 100   ; Unsigned Binary                                      ;
; F              ; 101   ; Unsigned Binary                                      ;
; G              ; 110   ; Unsigned Binary                                      ;
; H              ; 111   ; Unsigned Binary                                      ;
+----------------+-------+------------------------------------------------------+
Note: In order to hide this table in the UI and the text report file, please set the "Show Parameter Settings in Synthesis Report" option in "Analysis and Synthesis Settings -> More Settings" to "Off".


+-------------------------------------------------------------------------------------------------+
; Parameter Settings for User Entity Instance: TRISCRAMAsp19:inst|altsyncram:altsyncram_component ;
+------------------------------------+----------------------+-------------------------------------+
; Parameter Name                     ; Value                ; Type                                ;
+------------------------------------+----------------------+-------------------------------------+
; BYTE_SIZE_BLOCK                    ; 8                    ; Untyped                             ;
; AUTO_CARRY_CHAINS                  ; ON                   ; AUTO_CARRY                          ;
; IGNORE_CARRY_BUFFERS               ; OFF                  ; IGNORE_CARRY                        ;
; AUTO_CASCADE_CHAINS                ; ON                   ; AUTO_CASCADE                        ;
; IGNORE_CASCADE_BUFFERS             ; OFF                  ; IGNORE_CASCADE                      ;
; WIDTH_BYTEENA                      ; 1                    ; Untyped                             ;
; OPERATION_MODE                     ; SINGLE_PORT          ; Untyped                             ;
; WIDTH_A                            ; 8                    ; Signed Integer                      ;
; WIDTHAD_A                          ; 4                    ; Signed Integer                      ;
; NUMWORDS_A                         ; 16                   ; Signed Integer                      ;
; OUTDATA_REG_A                      ; CLOCK0               ; Untyped                             ;
; ADDRESS_ACLR_A                     ; NONE                 ; Untyped                             ;
; OUTDATA_ACLR_A                     ; NONE                 ; Untyped                             ;
; WRCONTROL_ACLR_A                   ; NONE                 ; Untyped                             ;
; INDATA_ACLR_A                      ; NONE                 ; Untyped                             ;
; BYTEENA_ACLR_A                     ; NONE                 ; Untyped                             ;
; WIDTH_B                            ; 1                    ; Untyped                             ;
; WIDTHAD_B                          ; 1                    ; Untyped                             ;
; NUMWORDS_B                         ; 1                    ; Untyped                             ;
; INDATA_REG_B                       ; CLOCK1               ; Untyped                             ;
; WRCONTROL_WRADDRESS_REG_B          ; CLOCK1               ; Untyped                             ;
; RDCONTROL_REG_B                    ; CLOCK1               ; Untyped                             ;
; ADDRESS_REG_B                      ; CLOCK1               ; Untyped                             ;
; OUTDATA_REG_B                      ; UNREGISTERED         ; Untyped                             ;
; BYTEENA_REG_B                      ; CLOCK1               ; Untyped                             ;
; INDATA_ACLR_B                      ; NONE                 ; Untyped                             ;
; WRCONTROL_ACLR_B                   ; NONE                 ; Untyped                             ;
; ADDRESS_ACLR_B                     ; NONE                 ; Untyped                             ;
; OUTDATA_ACLR_B                     ; NONE                 ; Untyped                             ;
; RDCONTROL_ACLR_B                   ; NONE                 ; Untyped                             ;
; BYTEENA_ACLR_B                     ; NONE                 ; Untyped                             ;
; WIDTH_BYTEENA_A                    ; 1                    ; Signed Integer                      ;
; WIDTH_BYTEENA_B                    ; 1                    ; Untyped                             ;
; RAM_BLOCK_TYPE                     ; AUTO                 ; Untyped                             ;
; BYTE_SIZE                          ; 8                    ; Untyped                             ;
; READ_DURING_WRITE_MODE_MIXED_PORTS ; DONT_CARE            ; Untyped                             ;
; READ_DURING_WRITE_MODE_PORT_A      ; NEW_DATA_NO_NBE_READ ; Untyped                             ;
; READ_DURING_WRITE_MODE_PORT_B      ; NEW_DATA_NO_NBE_READ ; Untyped                             ;
; INIT_FILE                          ; TRISCRAMAsp19.mif    ; Untyped                             ;
; INIT_FILE_LAYOUT                   ; PORT_A               ; Untyped                             ;
; MAXIMUM_DEPTH                      ; 0                    ; Untyped                             ;
; CLOCK_ENABLE_INPUT_A               ; BYPASS               ; Untyped                             ;
; CLOCK_ENABLE_INPUT_B               ; NORMAL               ; Untyped                             ;
; CLOCK_ENABLE_OUTPUT_A              ; BYPASS               ; Untyped                             ;
; CLOCK_ENABLE_OUTPUT_B              ; NORMAL               ; Untyped                             ;
; CLOCK_ENABLE_CORE_A                ; USE_INPUT_CLKEN      ; Untyped                             ;
; CLOCK_ENABLE_CORE_B                ; USE_INPUT_CLKEN      ; Untyped                             ;
; ENABLE_ECC                         ; FALSE                ; Untyped                             ;
; ECC_PIPELINE_STAGE_ENABLED         ; FALSE                ; Untyped                             ;
; WIDTH_ECCSTATUS                    ; 3                    ; Untyped                             ;
; DEVICE_FAMILY                      ; Cyclone II           ; Untyped                             ;
; CBXI_PARAMETER                     ; altsyncram_ipc1      ; Untyped                             ;
+------------------------------------+----------------------+-------------------------------------+
Note: In order to hide this table in the UI and the text report file, please set the "Show Parameter Settings in Synthesis Report" option in "Analysis and Synthesis Settings -> More Settings" to "Off".


+------------------------------------------------------------------------------------------------+
; altsyncram Parameter Settings by Entity Instance                                               ;
+-------------------------------------------+----------------------------------------------------+
; Name                                      ; Value                                              ;
+-------------------------------------------+----------------------------------------------------+
; Number of entity instances                ; 1                                                  ;
; Entity Instance                           ; TRISCRAMAsp19:inst|altsyncram:altsyncram_component ;
;     -- OPERATION_MODE                     ; SINGLE_PORT                                        ;
;     -- WIDTH_A                            ; 8                                                  ;
;     -- NUMWORDS_A                         ; 16                                                 ;
;     -- OUTDATA_REG_A                      ; CLOCK0                                             ;
;     -- WIDTH_B                            ; 1                                                  ;
;     -- NUMWORDS_B                         ; 1                                                  ;
;     -- ADDRESS_REG_B                      ; CLOCK1                                             ;
;     -- OUTDATA_REG_B                      ; UNREGISTERED                                       ;
;     -- RAM_BLOCK_TYPE                     ; AUTO                                               ;
;     -- READ_DURING_WRITE_MODE_MIXED_PORTS ; DONT_CARE                                          ;
+-------------------------------------------+----------------------------------------------------+


+-------------------------------+
; Elapsed Time Per Partition    ;
+----------------+--------------+
; Partition Name ; Elapsed Time ;
+----------------+--------------+
; Top            ; 00:00:00     ;
+----------------+--------------+


+-------------------------------+
; Analysis & Synthesis Messages ;
+-------------------------------+
Info: *******************************************************************
Info: Running Quartus II 64-Bit Analysis & Synthesis
    Info: Version 13.0.1 Build 232 06/12/2013 Service Pack 1 SJ Web Edition
    Info: Processing started: Wed May 01 16:47:44 2019
Info: Command: quartus_map --read_settings_files=on --write_settings_files=off PartA -c PartA
Warning (20028): Parallel compilation is not licensed and has been disabled
Info (12021): Found 1 design units, including 1 entities, in source file parta.bdf
    Info (12023): Found entity 1: PartA
Info (12127): Elaborating entity "PartA" for the top level hierarchy
Warning (275080): Converted elements in bus name "C" using legacy naming rules. Make any assignments on the new names, not on the original names.
    Warning (275081): Converted element name(s) from "C[9]" to "C9"
    Warning (275081): Converted element name(s) from "C[1]" to "C1"
    Warning (275081): Converted element name(s) from "C[2]" to "C2"
    Warning (275081): Converted element name(s) from "C[0]" to "C0"
    Warning (275081): Converted element name(s) from "C[0]" to "C0"
    Warning (275081): Converted element name(s) from "C[1]" to "C1"
    Warning (275081): Converted element name(s) from "C[3]" to "C3"
    Warning (275081): Converted element name(s) from "C[4]" to "C4"
    Warning (275081): Converted element name(s) from "C[2]" to "C2"
    Warning (275081): Converted element name(s) from "C[8]" to "C8"
    Warning (275081): Converted element name(s) from "C[9]" to "C9"
    Warning (275081): Converted element name(s) from "C[4]" to "C4"
    Warning (275081): Converted element name(s) from "C[8]" to "C8"
    Warning (275081): Converted element name(s) from "C[0..9]" to "C0..9"
Warning (12125): Using design file lab4.v, which is not specified as a design file for the current project, but contains definitions for 1 design units and 1 entities in project
    Info (12023): Found entity 1: Lab4
Info (12128): Elaborating entity "Lab4" for hierarchy "Lab4:inst19"
Warning (12125): Using design file bc.bdf, which is not specified as a design file for the current project, but contains definitions for 1 design units and 1 entities in project
    Info (12023): Found entity 1: BC
Info (12128): Elaborating entity "BC" for hierarchy "BC:inst14"
Info (12128): Elaborating entity "74193" for hierarchy "BC:inst14|74193:inst"
Info (12130): Elaborated megafunction instantiation "BC:inst14|74193:inst"
Warning (12125): Using design file lab9final.bdf, which is not specified as a design file for the current project, but contains definitions for 1 design units and 1 entities in project
    Info (12023): Found entity 1: lab9final
Info (12128): Elaborating entity "lab9final" for hierarchy "lab9final:inst1"
Warning (12125): Using design file controller.v, which is not specified as a design file for the current project, but contains definitions for 1 design units and 1 entities in project
    Info (12023): Found entity 1: controller
Info (12128): Elaborating entity "controller" for hierarchy "lab9final:inst1|controller:inst2"
Warning (10240): Verilog HDL Always Construct warning at controller.v(9): inferring latch(es) for variable "nextstate", which holds its previous value in one or more paths through the always construct
Warning (10230): Verilog HDL assignment warning at controller.v(28): truncated value with size 32 to match size of target (1)
Info (10041): Inferred latch for "nextstate.H" at controller.v(9)
Info (10041): Inferred latch for "nextstate.G" at controller.v(9)
Info (10041): Inferred latch for "nextstate.F" at controller.v(9)
Info (10041): Inferred latch for "nextstate.E" at controller.v(9)
Info (10041): Inferred latch for "nextstate.D" at controller.v(9)
Info (10041): Inferred latch for "nextstate.C" at controller.v(9)
Info (10041): Inferred latch for "nextstate.B" at controller.v(9)
Warning (12125): Using design file lab9.bdf, which is not specified as a design file for the current project, but contains definitions for 1 design units and 1 entities in project
    Info (12023): Found entity 1: lab9
Info (12128): Elaborating entity "lab9" for hierarchy "lab9final:inst1|lab9:inst"
Info (12128): Elaborating entity "74154" for hierarchy "lab9final:inst1|lab9:inst|74154:inst"
Info (12130): Elaborated megafunction instantiation "lab9final:inst1|lab9:inst|74154:inst"
Warning (12125): Using design file pipo.bdf, which is not specified as a design file for the current project, but contains definitions for 1 design units and 1 entities in project
    Info (12023): Found entity 1: PIPO
Info (12128): Elaborating entity "PIPO" for hierarchy "PIPO:inst25"
Info (12128): Elaborating entity "74175" for hierarchy "PIPO:inst25|74175:inst"
Info (12130): Elaborated megafunction instantiation "PIPO:inst25|74175:inst"
Warning (12125): Using design file triscramasp19.v, which is not specified as a design file for the current project, but contains definitions for 1 design units and 1 entities in project
    Info (12023): Found entity 1: TRISCRAMAsp19
Info (12128): Elaborating entity "TRISCRAMAsp19" for hierarchy "TRISCRAMAsp19:inst"
Info (12128): Elaborating entity "altsyncram" for hierarchy "TRISCRAMAsp19:inst|altsyncram:altsyncram_component"
Info (12130): Elaborated megafunction instantiation "TRISCRAMAsp19:inst|altsyncram:altsyncram_component"
Info (12133): Instantiated megafunction "TRISCRAMAsp19:inst|altsyncram:altsyncram_component" with the following parameter:
    Info (12134): Parameter "clock_enable_input_a" = "BYPASS"
    Info (12134): Parameter "clock_enable_output_a" = "BYPASS"
    Info (12134): Parameter "init_file" = "TRISCRAMAsp19.mif"
    Info (12134): Parameter "intended_device_family" = "Cyclone II"
    Info (12134): Parameter "lpm_hint" = "ENABLE_RUNTIME_MOD=NO"
    Info (12134): Parameter "lpm_type" = "altsyncram"
    Info (12134): Parameter "numwords_a" = "16"
    Info (12134): Parameter "operation_mode" = "SINGLE_PORT"
    Info (12134): Parameter "outdata_aclr_a" = "NONE"
    Info (12134): Parameter "outdata_reg_a" = "CLOCK0"
    Info (12134): Parameter "power_up_uninitialized" = "FALSE"
    Info (12134): Parameter "widthad_a" = "4"
    Info (12134): Parameter "width_a" = "8"
    Info (12134): Parameter "width_byteena_a" = "1"
Info (12021): Found 1 design units, including 1 entities, in source file db/altsyncram_ipc1.tdf
    Info (12023): Found entity 1: altsyncram_ipc1
Info (12128): Elaborating entity "altsyncram_ipc1" for hierarchy "TRISCRAMAsp19:inst|altsyncram:altsyncram_component|altsyncram_ipc1:auto_generated"
Warning (12125): Using design file accumulator.bdf, which is not specified as a design file for the current project, but contains definitions for 1 design units and 1 entities in project
    Info (12023): Found entity 1: Accumulator
Info (12128): Elaborating entity "Accumulator" for hierarchy "Accumulator:inst15"
Info (12128): Elaborating entity "74157" for hierarchy "Accumulator:inst15|74157:inst2"
Info (12130): Elaborated megafunction instantiation "Accumulator:inst15|74157:inst2"
Warning (13004): Presettable and clearable registers converted to equivalent circuits with latches. Registers power-up to an undefined state, and DEVCLRn places the registers in an undefined state.
    Warning (13310): Register "BC:inst14|74193:inst|26" is converted into an equivalent circuit using register "BC:inst14|74193:inst|26~_emulated" and latch "BC:inst14|74193:inst|26~1"
    Warning (13310): Register "BC:inst14|74193:inst|25" is converted into an equivalent circuit using register "BC:inst14|74193:inst|25~_emulated" and latch "BC:inst14|74193:inst|25~1"
    Warning (13310): Register "BC:inst14|74193:inst|24" is converted into an equivalent circuit using register "BC:inst14|74193:inst|24~_emulated" and latch "BC:inst14|74193:inst|24~1"
    Warning (13310): Register "BC:inst14|74193:inst|23" is converted into an equivalent circuit using register "BC:inst14|74193:inst|23~_emulated" and latch "BC:inst14|74193:inst|23~1"
Info (17049): 3 registers lost all their fanouts during netlist optimizations.
Info (144001): Generated suppressed messages file D:/PROJECT/output_files/PartA.map.smsg
Info (16010): Generating hard_block partition "hard_block:auto_generated_inst"
    Info (16011): Adding 0 node(s), including 0 DDIO, 0 PLL, 0 transceiver and 0 LCELL
Info (21057): Implemented 140 device resources after synthesis - the final resource count might be different
    Info (21058): Implemented 2 input pins
    Info (21059): Implemented 36 output pins
    Info (21061): Implemented 94 logic cells
    Info (21064): Implemented 8 RAM segments
Info: Quartus II 64-Bit Analysis & Synthesis was successful. 0 errors, 31 warnings
    Info: Peak virtual memory: 4627 megabytes
    Info: Processing ended: Wed May 01 16:47:46 2019
    Info: Elapsed time: 00:00:02
    Info: Total CPU time (on all processors): 00:00:01


+------------------------------------------+
; Analysis & Synthesis Suppressed Messages ;
+------------------------------------------+
The suppressed messages can be found in D:/PROJECT/output_files/PartA.map.smsg.


